This is pdfTeX, Version 3.14159265-2.6-1.40.15 (TeX Live 2014/Arch Linux) (preloaded format=mptopdf 2015.4.21)  28 MAY 2015 19:11
 restricted \write18 enabled.
 %&-line parsing enabled.
**\relax classes.1
 (./classes.1{/var/lib/texmf/fonts/map/pdftex/updmap/pdftex.map})
[1] 
Here is how much of TeX's memory you used:
 42 strings out of 496714
 371 string characters out of 6201301
 4031034 words of memory out of 9016241
 1694 multiletter control sequences out of 15000+600000
 1085 words of font info for 1 font, out of 8000000 for 9000
 0 hyphenation exceptions out of 8191
 10i,3n,7p,121b,244s stack positions out of 5000i,500n,10000p,200000b,80000s
{/usr/share/texmf-dist/fonts/enc/dvips/base/8r.enc}</usr/share/texmf-dist/fo
nts/type1/urw/times/utmr8a.pfb>
Output written on classes.pdf (1 page, 16918 bytes).
PDF statistics:
 13 PDF objects out of 1000 (max. 8388607)
 0 named destinations out of 1000 (max. 500000)
 7 words of extra memory for PDF output out of 10000 (max. 10000000)

